d:\visualstudio\dx11engine_update_multiwindow\dx11engine\debug\vc142.pdb
d:\visualstudio\dx11engine_update_multiwindow\dx11engine\debug\vc142.idb
d:\visualstudio\dx11engine_update_multiwindow\dx11engine\debug\lighting.obj
d:\visualstudio\dx11engine_update_multiwindow\dx11engine\debug\_buffer.obj
d:\visualstudio\dx11engine_update_multiwindow\dx11engine\debug\gameobject.obj
d:\visualstudio\dx11engine_update_multiwindow\dx11engine\debug\engine_context.obj
d:\visualstudio\dx11engine_update_multiwindow\dx11engine\debug\engine.obj
d:\visualstudio\dx11engine_update_multiwindow\dx11engine\debug\defaultresourceimporter.obj
d:\visualstudio\dx11engine_update_multiwindow\dx11engine\debug\component.obj
d:\visualstudio\dx11engine_update_multiwindow\dx11engine\debug\simplemovetransform.obj
d:\visualstudio\dx11engine_update_multiwindow\dx11engine\debug\simplecharactermovement.obj
d:\visualstudio\dx11engine_update_multiwindow\dx11engine\debug\rendertotexture.obj
d:\visualstudio\dx11engine_update_multiwindow\dx11engine\debug\_raycast.obj
d:\visualstudio\dx11engine_update_multiwindow\dx11engine\debug\_subgraphics.obj
d:\visualstudio\dx11engine_update_multiwindow\dx11engine\debug\display.obj
d:\visualstudio\dx11engine_update_multiwindow\dx11engine\debug\rendertoswapchain.obj
d:\visualstudio\dx11engine_update_multiwindow\dx11engine\debug\_viarenderer.obj
d:\visualstudio\dx11engine_update_multiwindow\dx11engine\debug\_collider.obj
d:\visualstudio\dx11engine_update_multiwindow\dx11engine\debug\_light.obj
d:\visualstudio\dx11engine_update_multiwindow\dx11engine\debug\imguigraphics.obj
d:\visualstudio\dx11engine_update_multiwindow\dx11engine\debug\_camera.obj
d:\visualstudio\dx11engine_update_multiwindow\dx11engine\debug\base.obj
d:\visualstudio\dx11engine_update_multiwindow\dx11engine\debug\color.obj
d:\visualstudio\dx11engine_update_multiwindow\dx11engine\debug\scene.obj
d:\visualstudio\dx11engine_update_multiwindow\dx11engine\debug\rendertargettexture.obj
d:\visualstudio\dx11engine_update_multiwindow\dx11engine\debug\_skeleton.obj
d:\visualstudio\dx11engine_update_multiwindow\dx11engine\debug\resource.obj
d:\visualstudio\dx11engine_update_multiwindow\dx11engine\debug\_mesh.obj
d:\visualstudio\dx11engine_update_multiwindow\dx11engine\debug\_animation.obj
d:\visualstudio\dx11engine_update_multiwindow\dx11engine\debug\terrainpipe_source.obj
d:\visualstudio\dx11engine_update_multiwindow\dx11engine\debug\terrainpipe_renderer.obj
d:\visualstudio\dx11engine_update_multiwindow\dx11engine\debug\terrainpipe_importer.obj
d:\visualstudio\dx11engine_update_multiwindow\dx11engine\debug\substancepipe_renderer.obj
d:\visualstudio\dx11engine_update_multiwindow\dx11engine\debug\substancepipe.obj
d:\visualstudio\dx11engine_update_multiwindow\dx11engine\debug\substancepipe_importer.obj
d:\visualstudio\dx11engine_update_multiwindow\dx11engine\debug\substancepipe_animator.obj
d:\visualstudio\dx11engine_update_multiwindow\dx11engine\debug\spritepipe.obj
d:\visualstudio\dx11engine_update_multiwindow\dx11engine\debug\meshpipe_importer.obj
d:\visualstudio\dx11engine_update_multiwindow\dx11engine\debug\meshpipe.obj
d:\visualstudio\dx11engine_update_multiwindow\dx11engine\debug\instancepipe.obj
d:\visualstudio\dx11engine_update_multiwindow\dx11engine\debug\lightprocess.obj
d:\visualstudio\dx11engine_update_multiwindow\dx11engine\debug\__shader.obj
d:\visualstudio\dx11engine_update_multiwindow\dx11engine\debug\mainscene.obj
d:\visualstudio\dx11engine_update_multiwindow\dx11engine\debug\editor_imageview.obj
d:\visualstudio\dx11engine_update_multiwindow\dx11engine\debug\editor_freeview.obj
d:\visualstudio\dx11engine_update_multiwindow\dx11engine\debug\graphics.obj
d:\visualstudio\dx11engine_update_multiwindow\dx11engine\debug\imgui_widgets.obj
d:\visualstudio\dx11engine_update_multiwindow\dx11engine\debug\imgui_tables.obj
d:\visualstudio\dx11engine_update_multiwindow\dx11engine\debug\imgui_impl_win32.obj
d:\visualstudio\dx11engine_update_multiwindow\dx11engine\debug\imgui_impl_dx11.obj
d:\visualstudio\dx11engine_update_multiwindow\dx11engine\debug\imgui_draw.obj
d:\visualstudio\dx11engine_update_multiwindow\dx11engine\debug\imgui.obj
d:\visualstudio\dx11engine_update_multiwindow\dx11engine\debug\editorwindow.obj
d:\visualstudio\dx11engine_update_multiwindow\dx11engine\debug\editordefinecontainer.obj
d:\visualstudio\dx11engine_update_multiwindow\dx11engine\debug\_exclude.obj
d:\visualstudio\dx11engine_update_multiwindow\dx11engine\debug\_texture.obj
d:\visualstudio\dx11engine_update_multiwindow\dx11engine\debug\image.obj
d:\visualstudio\dx11engine_update_multiwindow\dx11engine\debug\copiedmap.obj
d:\visualstudio\dx11engine_update_multiwindow\dx11engine\debug\_shader.obj
d:\visualstudio\dx11engine_update_multiwindow\dx11engine\debug\resources.obj
d:\visualstudio\dx11engine_update_multiwindow\dx11engine\debug\resourceimporter.obj
d:\visualstudio\dx11engine_update_multiwindow\dx11engine\debug\renderer.obj
d:\visualstudio\dx11engine_update_multiwindow\dx11engine\debug\winmain.obj
d:\visualstudio\dx11engine_update_multiwindow\dx11engine\debug\windowinputcontainer.obj
d:\visualstudio\dx11engine_update_multiwindow\dx11engine\debug\delegate.obj
d:\visualstudio\dx11engine_update_multiwindow\dx11engine\debug\stringhelper.obj
d:\visualstudio\dx11engine_update_multiwindow\dx11engine\debug\renderwindow.obj
d:\visualstudio\dx11engine_update_multiwindow\dx11engine\debug\mouseevent.obj
d:\visualstudio\dx11engine_update_multiwindow\dx11engine\debug\mouseclass.obj
d:\visualstudio\dx11engine_update_multiwindow\dx11engine\debug\keyboardevent.obj
d:\visualstudio\dx11engine_update_multiwindow\dx11engine\debug\keyboardclass.obj
d:\visualstudio\dx11engine_update_multiwindow\dx11engine\debug\input.obj
d:\visualstudio\dx11engine_update_multiwindow\dx11engine\debug\errorlogger.obj
d:\visualstudio\dx11engine_update_multiwindow\dx11engine\debug\adapterreader.obj
d:\visualstudio\dx11engine_update_multiwindow\dx11engine\debug\name.obj
d:\visualstudio\dx11engine_update_multiwindow\dx11engine\debug\__static.obj
d:\visualstudio\dx11engine_update_multiwindow\dx11engine\debug\_map_tool_imgui.obj
d:\visualstudio\dx11engine_update_multiwindow\dx11engine\debug\_load_resource.obj
d:\visualstudio\dx11engine_update_multiwindow\dx11engine\debug\toolmain_imgui.obj
d:\visualstudio\dx11engine_update_multiwindow\dx11engine\debug\_include.obj
d:\visualstudio\dx11engine_update_multiwindow\dx11engine\debug\coroutine.obj
d:\visualstudio\dx11engine_update_multiwindow\debug\shader\process_light_ps.cso
d:\visualstudio\dx11engine_update_multiwindow\debug\shader\ps_lighting.cso
d:\visualstudio\dx11engine_update_multiwindow\debug\shader\vs_instance.cso
d:\visualstudio\dx11engine_update_multiwindow\debug\shader\ps_rendering.cso
d:\visualstudio\dx11engine_update_multiwindow\debug\shader\vs_meshmesh.cso
d:\visualstudio\dx11engine_update_multiwindow\debug\shader\vs_sprite.cso
d:\visualstudio\dx11engine_update_multiwindow\debug\shader\ps_terrain.cso
d:\visualstudio\dx11engine_update_multiwindow\debug\shader\vs_terrain.cso
d:\visualstudio\dx11engine_update_multiwindow\debug\shader\ps_lightdepth.cso
d:\visualstudio\dx11engine_update_multiwindow\debug\shader\vs_substance.cso
d:\visualstudio\dx11engine_update_multiwindow\debug\dx11engine.exe
d:\visualstudio\dx11engine_update_multiwindow\dx11engine\debug\dx11engine.ilk
d:\visualstudio\dx11engine_update_multiwindow\debug\dx11engine.pdb
d:\visualstudio\dx11engine_update_multiwindow\dx11engine\debug\dx11engine.tlog\cl.command.1.tlog
d:\visualstudio\dx11engine_update_multiwindow\dx11engine\debug\dx11engine.tlog\cl.read.1.tlog
d:\visualstudio\dx11engine_update_multiwindow\dx11engine\debug\dx11engine.tlog\cl.write.1.tlog
d:\visualstudio\dx11engine_update_multiwindow\dx11engine\debug\dx11engine.tlog\fxc.command.1.tlog
d:\visualstudio\dx11engine_update_multiwindow\dx11engine\debug\dx11engine.tlog\fxc.read.1.tlog
d:\visualstudio\dx11engine_update_multiwindow\dx11engine\debug\dx11engine.tlog\fxc.write.1.tlog
d:\visualstudio\dx11engine_update_multiwindow\dx11engine\debug\dx11engine.tlog\link.command.1.tlog
d:\visualstudio\dx11engine_update_multiwindow\dx11engine\debug\dx11engine.tlog\link.read.1.tlog
d:\visualstudio\dx11engine_update_multiwindow\dx11engine\debug\dx11engine.tlog\link.write.1.tlog
